apps/android-minify-smoke/build/intermediates/manifest_merge_blame_file/release/processReleaseMainManifest/manifest-merger-blame-release-report.txt
1<?xml version="1.0" encoding="utf-8"?>
2<manifest xmlns:android="http://schemas.android.com/apk/res/android"
3    package="dev.sinua.minifysmoke"
4    android:versionCode="1"
5    android:versionName="1.0" >
6
7    <uses-sdk
8        android:minSdkVersion="24"
9        android:targetSdkVersion="36" />
10
11    <permission
11-->[androidx.core:core:1.13.1] AndroidManifest.xml:22:5-24:47
12        android:name="dev.sinua.minifysmoke.DYNAMIC_RECEIVER_NOT_EXPORTED_PERMISSION"
12-->[androidx.core:core:1.13.1] AndroidManifest.xml:23:9-81
13        android:protectionLevel="signature" />
13-->[androidx.core:core:1.13.1] AndroidManifest.xml:24:9-44
14
15    <uses-permission android:name="dev.sinua.minifysmoke.DYNAMIC_RECEIVER_NOT_EXPORTED_PERMISSION" />
15-->[androidx.core:core:1.13.1] AndroidManifest.xml:26:5-97
15-->[androidx.core:core:1.13.1] AndroidManifest.xml:26:22-94
16
17    <application
17-->src/main/AndroidManifest.xml:3:5-10:19
18        android:appComponentFactory="androidx.core.app.CoreComponentFactory"
18-->[androidx.core:core:1.13.1] AndroidManifest.xml:28:18-86
19        android:extractNativeLibs="false"
20        android:label="Sinua minify smoke" >
20-->src/main/AndroidManifest.xml:3:18-52
21        <activity
21-->src/main/AndroidManifest.xml:4:9-9:20
22            android:name="dev.sinua.minifysmoke.MainActivity"
22-->src/main/AndroidManifest.xml:4:19-47
23            android:exported="true" >
23-->src/main/AndroidManifest.xml:4:48-71
24            <intent-filter>
24-->src/main/AndroidManifest.xml:5:13-8:29
25                <action android:name="android.intent.action.MAIN" />
25-->src/main/AndroidManifest.xml:6:17-69
25-->src/main/AndroidManifest.xml:6:25-66
26
27                <category android:name="android.intent.category.LAUNCHER" />
27-->src/main/AndroidManifest.xml:7:17-77
27-->src/main/AndroidManifest.xml:7:27-74
28            </intent-filter>
29        </activity>
30
31        <provider
31-->[androidx.emoji2:emoji2:1.3.0] AndroidManifest.xml:24:9-32:20
32            android:name="androidx.startup.InitializationProvider"
32-->[androidx.emoji2:emoji2:1.3.0] AndroidManifest.xml:25:13-67
33            android:authorities="dev.sinua.minifysmoke.androidx-startup"
33-->[androidx.emoji2:emoji2:1.3.0] AndroidManifest.xml:26:13-68
34            android:exported="false" >
34-->[androidx.emoji2:emoji2:1.3.0] AndroidManifest.xml:27:13-37
35            <meta-data
35-->[androidx.emoji2:emoji2:1.3.0] AndroidManifest.xml:29:13-31:52
36                android:name="androidx.emoji2.text.EmojiCompatInitializer"
36-->[androidx.emoji2:emoji2:1.3.0] AndroidManifest.xml:30:17-75
37                android:value="androidx.startup" />
37-->[androidx.emoji2:emoji2:1.3.0] AndroidManifest.xml:31:17-49
38            <meta-data
38-->[androidx.lifecycle:lifecycle-process:2.8.7] AndroidManifest.xml:29:13-31:52
39                android:name="androidx.lifecycle.ProcessLifecycleInitializer"
39-->[androidx.lifecycle:lifecycle-process:2.8.7] AndroidManifest.xml:30:17-78
40                android:value="androidx.startup" />
40-->[androidx.lifecycle:lifecycle-process:2.8.7] AndroidManifest.xml:31:17-49
41            <meta-data
41-->[androidx.profileinstaller:profileinstaller:1.3.1] AndroidManifest.xml:29:13-31:52
42                android:name="androidx.profileinstaller.ProfileInstallerInitializer"
42-->[androidx.profileinstaller:profileinstaller:1.3.1] AndroidManifest.xml:30:17-85
43                android:value="androidx.startup" />
43-->[androidx.profileinstaller:profileinstaller:1.3.1] AndroidManifest.xml:31:17-49
44        </provider>
45
46        <receiver
46-->[androidx.profileinstaller:profileinstaller:1.3.1] AndroidManifest.xml:34:9-52:20
47            android:name="androidx.profileinstaller.ProfileInstallReceiver"
47-->[androidx.profileinstaller:profileinstaller:1.3.1] AndroidManifest.xml:35:13-76
48            android:directBootAware="false"
48-->[androidx.profileinstaller:profileinstaller:1.3.1] AndroidManifest.xml:36:13-44
49            android:enabled="true"
49-->[androidx.profileinstaller:profileinstaller:1.3.1] AndroidManifest.xml:37:13-35
50            android:exported="true"
50-->[androidx.profileinstaller:profileinstaller:1.3.1] AndroidManifest.xml:38:13-36
51            android:permission="android.permission.DUMP" >
51-->[androidx.profileinstaller:profileinstaller:1.3.1] AndroidManifest.xml:39:13-57
52            <intent-filter>
52-->[androidx.profileinstaller:profileinstaller:1.3.1] AndroidManifest.xml:40:13-42:29
53                <action android:name="androidx.profileinstaller.action.INSTALL_PROFILE" />
53-->[androidx.profileinstaller:profileinstaller:1.3.1] AndroidManifest.xml:41:17-91
53-->[androidx.profileinstaller:profileinstaller:1.3.1] AndroidManifest.xml:41:25-88
54            </intent-filter>
55            <intent-filter>
55-->[androidx.profileinstaller:profileinstaller:1.3.1] AndroidManifest.xml:43:13-45:29
56                <action android:name="androidx.profileinstaller.action.SKIP_FILE" />
56-->[androidx.profileinstaller:profileinstaller:1.3.1] AndroidManifest.xml:44:17-85
56-->[androidx.profileinstaller:profileinstaller:1.3.1] AndroidManifest.xml:44:25-82
57            </intent-filter>
58            <intent-filter>
58-->[androidx.profileinstaller:profileinstaller:1.3.1] AndroidManifest.xml:46:13-48:29
59                <action android:name="androidx.profileinstaller.action.SAVE_PROFILE" />
59-->[androidx.profileinstaller:profileinstaller:1.3.1] AndroidManifest.xml:47:17-88
59-->[androidx.profileinstaller:profileinstaller:1.3.1] AndroidManifest.xml:47:25-85
60            </intent-filter>
61            <intent-filter>
61-->[androidx.profileinstaller:profileinstaller:1.3.1] AndroidManifest.xml:49:13-51:29
62                <action android:name="androidx.profileinstaller.action.BENCHMARK_OPERATION" />
62-->[androidx.profileinstaller:profileinstaller:1.3.1] AndroidManifest.xml:50:17-95
62-->[androidx.profileinstaller:profileinstaller:1.3.1] AndroidManifest.xml:50:25-92
63            </intent-filter>
64        </receiver>
65    </application>
66
67</manifest>